SLF4J(W): Class path contains multiple SLF4J providers.
SLF4J(W): Found provider [scribe.slf4j.ScribeServiceProvider@1b545070]
SLF4J(W): Found provider [ch.qos.logback.classic.spi.LogbackServiceProvider@612fb88c]
SLF4J(W): See https://www.slf4j.org/codes.html#multiple_bindings for an explanation.
SLF4J(I): Actual provider is of type [scribe.slf4j.ScribeServiceProvider@1b545070]
2024.06.19 22:54:28 WARN  Flyway upgrade recommended: H2 2.2.224 is newer than this version of Flyway and support has not been tested. The latest supported version of H2 is 2.2.220.
Jun 19, 2024 10:54:30 PM org.eclipse.lsp4j.jsonrpc.RemoteEndpoint handleCancellation
WARNING: Unmatched cancel notification for request id 2
Jun 19, 2024 10:54:30 PM org.eclipse.lsp4j.jsonrpc.RemoteEndpoint handleCancellation
WARNING: Unmatched cancel notification for request id 1
2024.06.19 22:54:31 INFO  no build target found for C:\Users\lao8n\OneDrive\Documents\languages\objects\product_types\case_class.scala. Using presentation compiler with project's scala-library version: 3.3.3
2024.06.19 22:54:32 INFO  Running List(C:\Users\lao8n\AppData\Local\Coursier\data\bin\scala-cli.BAT, setup-ide, C:\Users\lao8n\OneDrive\Documents\languages)
2024.06.19 22:54:32 INFO  Scala CLI: Checking https://repo1.maven.org/maven2/org/scala-lang/scala-library/maven-metadata.xml
2024.06.19 22:54:32 INFO  Scala CLI: Checked https://repo1.maven.org/maven2/org/scala-lang/scala-library/maven-metadata.xml
2024.06.19 22:54:32 INFO  Scala CLI: Checking https://repo1.maven.org/maven2/org/scala-lang/scala3-library_3/maven-metadata.xml
2024.06.19 22:54:32 INFO  Scala CLI: Checked https://repo1.maven.org/maven2/org/scala-lang/scala3-library_3/maven-metadata.xml
2024.06.19 22:54:32 INFO  Scala CLI: Downloading https://repo1.maven.org/maven2/org/scala-lang/scala3-library_3/maven-metadata.xml
2024.06.19 22:54:32 INFO  Scala CLI: Downloaded https://repo1.maven.org/maven2/org/scala-lang/scala3-library_3/maven-metadata.xml
2024.06.19 22:54:32 INFO  Scala CLI: Checking https://github.com/VirtusLab/scala-cli-scala-versions/raw/main/scala-versions-v1.json
2024.06.19 22:54:32 INFO  Scala CLI: Checked https://github.com/VirtusLab/scala-cli-scala-versions/raw/main/scala-versions-v1.json
2024.06.19 22:54:32 INFO  Scala CLI: Downloading https://github.com/VirtusLab/scala-cli-scala-versions/raw/main/scala-versions-v1.json
2024.06.19 22:54:32 INFO  Scala CLI: Downloaded https://github.com/VirtusLab/scala-cli-scala-versions/raw/main/scala-versions-v1.json
2024.06.19 22:54:34 INFO  Attempting to connect to the build server...
2024.06.19 22:54:34 INFO  Running BSP server List(C:\Users\lao8n\AppData\Local\Coursier\data\bin\.scala-cli.aux.exe, bsp, --json-options, C:\Users\lao8n\OneDrive\Documents\languages\.scala-build\ide-options-v2.json, C:\Users\lao8n\OneDrive\Documents\languages)
2024.06.19 22:54:34 INFO  tracing is disabled for protocol BSP, to enable tracing of incoming and outgoing JSON messages create an empty file at C:\Users\lao8n\OneDrive\Documents\languages\.metals\bsp.trace.json or C:\Users\lao8n\AppData\Local\scalameta\metals\cache\bsp.trace.json
2024.06.19 22:54:35 INFO  BSP server: Checking https://github.com/coursier/jvm-index/raw/master/index.json
2024.06.19 22:54:35 INFO  BSP server: Checked https://github.com/coursier/jvm-index/raw/master/index.json
2024.06.19 22:54:35 INFO  BSP server: Downloading https://github.com/coursier/jvm-index/raw/master/index.json
2024.06.19 22:54:35 INFO  no build target found for C:\Users\lao8n\OneDrive\Documents\languages\objects\product_types\case_class.scala. Using presentation compiler with project's scala-library version: 3.3.3
2024.06.19 22:54:35 INFO  BSP server: Downloaded https://github.com/coursier/jvm-index/raw/master/index.json
2024.06.19 22:54:36 INFO  restarted 1 presentation compiler
2024.06.19 22:54:35 INFO  no build target found for C:\Users\lao8n\OneDrive\Documents\languages\objects\product_types\case_class.scala. Using presentation compiler with project's scala-library version: 3.3.3
2024.06.19 22:54:36 INFO  BSP server: Starting compilation server
2024.06.19 22:54:39 INFO  no build target found for C:\Users\lao8n\OneDrive\Documents\languages\objects\product_types\case_class.scala. Using presentation compiler with project's scala-library version: 3.3.3
2024.06.19 22:54:45 INFO  no build target found for C:\Users\lao8n\OneDrive\Documents\languages\objects\product_types\case_class.scala. Using presentation compiler with project's scala-library version: 3.3.3
2024.06.19 22:54:45 INFO  no build target found for C:\Users\lao8n\OneDrive\Documents\languages\objects\product_types\case_class.scala. Using presentation compiler with project's scala-library version: 3.3.3
2024.06.19 22:54:45 INFO  no build target found for C:\Users\lao8n\OneDrive\Documents\languages\objects\product_types\case_class.scala. Using presentation compiler with project's scala-library version: 3.3.3
2024.06.19 22:54:45 INFO  no build target found for C:\Users\lao8n\OneDrive\Documents\languages\objects\product_types\case_class.scala. Using presentation compiler with project's scala-library version: 3.3.3
Jun 19, 2024 10:54:47 PM org.eclipse.lsp4j.jsonrpc.RemoteEndpoint handleCancellation
WARNING: Unmatched cancel notification for request id 20
2024.06.19 22:54:47 INFO  no build target found for C:\Users\lao8n\OneDrive\Documents\languages\objects\product_types\case_class.scala. Using presentation compiler with project's scala-library version: 3.3.3
2024.06.19 22:54:47 INFO  no build target found for C:\Users\lao8n\OneDrive\Documents\languages\objects\product_types\case_class.scala. Using presentation compiler with project's scala-library version: 3.3.3
2024.06.19 22:54:47 WARN  no build target for: C:\Users\lao8n\OneDrive\Documents\languages\objects\product_types\case_class.scala
2024.06.19 22:54:47 INFO  no build target found for C:\Users\lao8n\OneDrive\Documents\languages\objects\product_types\case_class.scala. Using presentation compiler with project's scala-library version: 3.3.3
2024.06.19 22:54:48 INFO  time: Connected to build server in 14s
2024.06.19 22:54:48 INFO  Connected to Build server: scala-cli v0.1.20
2024.06.19 22:54:48 INFO  time: Imported build in 0.63s
2024.06.19 22:54:49 INFO  compiling project_bd2c96d2de (1 scala source)
2024.06.19 22:54:53 INFO  time: indexed workspace in 5s
2024.06.19 22:54:55 INFO  time: compiled project_bd2c96d2de in 6.37s
2024.06.19 22:54:55 INFO  time: compiled project_bd2c96d2de in 47ms
2024.06.19 22:54:55 INFO  time: compiled project_bd2c96d2de in 8ms
2024.06.19 22:55:23 INFO  compiling project_bd2c96d2de (1 scala source)
2024.06.19 22:55:25 INFO  time: compiled project_bd2c96d2de in 1.31s
2024.06.19 22:55:25 INFO  time: compiled project_bd2c96d2de in 22ms
2024.06.19 22:56:14 INFO  compiling project_bd2c96d2de (1 scala source)
2024.06.19 22:56:15 INFO  time: compiled project_bd2c96d2de in 1.15s
2024.06.19 22:56:19 INFO  no build target found for C:\Users\lao8n\OneDrive\Documents\languages\objects\product_types\CaseClass.scala. Using presentation compiler with project's scala-library version: 3.2.2
2024.06.19 22:56:19 INFO  no build target found for C:\Users\lao8n\OneDrive\Documents\languages\objects\product_types\CaseClass.scala. Using presentation compiler with project's scala-library version: 3.2.2
2024.06.19 22:56:19 INFO  Cancelling compilation on scala-cli server
2024.06.19 22:56:19 INFO  no build target found for C:\Users\lao8n\OneDrive\Documents\languages\objects\product_types\CaseClass.scala. Using presentation compiler with project's scala-library version: 3.2.2
2024.06.19 22:56:19 INFO  BSP server: Jun 19, 2024 10:56:19 PM org.eclipse.lsp4j.jsonrpc.RemoteEndpoint handleCancellation
2024.06.19 22:56:19 INFO  BSP server: WARNING: Unmatched cancel notification for request id null
2024.06.19 22:56:19 INFO  compiling project_bd2c96d2de (1 scala source)
Jun 19, 2024 10:56:19 PM org.eclipse.lsp4j.jsonrpc.RemoteEndpoint handleCancellation
WARNING: Unmatched cancel notification for request id 97
2024.06.19 22:56:19 INFO  time: compiled project_bd2c96d2de in 0.93s
2024.06.19 22:56:20 INFO  no build target found for C:\Users\lao8n\OneDrive\Documents\languages\objects\product_types\CaseClass.scala. Using presentation compiler with project's scala-library version: 3.2.2
Jun 19, 2024 10:56:20 PM org.eclipse.lsp4j.jsonrpc.RemoteEndpoint handleCancellation
WARNING: Unmatched cancel notification for request id 104
2024.06.19 22:56:20 INFO  no build target found for C:\Users\lao8n\OneDrive\Documents\languages\objects\product_types\CaseClass.scala. Using presentation compiler with project's scala-library version: 3.2.2
2024.06.19 22:56:20 WARN  no build target for: C:\Users\lao8n\OneDrive\Documents\languages\objects\product_types\CaseClass.scala
2024.06.19 22:56:20 INFO  time: Imported build in 1.04s
2024.06.19 22:56:20 INFO  time: compiled project_bd2c96d2de in 7ms
2024.06.19 22:56:22 INFO  time: indexed workspace in 1.55s
2024.06.19 22:56:22 INFO  time: compiled project_bd2c96d2de in 5ms
2024.06.19 22:56:31 INFO  compiling project_bd2c96d2de (1 scala source)
2024.06.19 22:56:31 INFO  time: compiled project_bd2c96d2de in 0.79s
2024.06.19 22:56:33 WARN  Could not load snapshot text for C:\Users\lao8n\OneDrive\Documents\languages\objects\product_types\CaseClass.scala
2024.06.19 22:56:33 INFO  time: compiled project_bd2c96d2de in 15ms
2024.06.19 22:56:33 WARN  Could not load snapshot text for C:\Users\lao8n\OneDrive\Documents\languages\objects\product_types\CaseClass.scala
2024.06.19 22:57:36 WARN  Could not load snapshot text for C:\Users\lao8n\OneDrive\Documents\languages\objects\product_types\CaseClass.scala
2024.06.19 22:57:37 WARN  Could not load snapshot text for C:\Users\lao8n\OneDrive\Documents\languages\objects\product_types\CaseClass.scala
2024.06.19 22:57:38 WARN  Could not load snapshot text for C:\Users\lao8n\OneDrive\Documents\languages\objects\product_types\CaseClass.scala
2024.06.19 22:57:38 WARN  Could not load snapshot text for C:\Users\lao8n\OneDrive\Documents\languages\objects\product_types\CaseClass.scala
2024.06.19 22:57:40 WARN  Could not load snapshot text for C:\Users\lao8n\OneDrive\Documents\languages\objects\product_types\CaseClass.scala
2024.06.19 22:57:40 WARN  Could not load snapshot text for C:\Users\lao8n\OneDrive\Documents\languages\objects\product_types\CaseClass.scala
2024.06.19 22:57:45 WARN  Could not load snapshot text for C:\Users\lao8n\OneDrive\Documents\languages\objects\product_types\CaseClass.scala
Jun 19, 2024 10:57:46 PM org.eclipse.lsp4j.jsonrpc.RemoteEndpoint handleCancellation
WARNING: Unmatched cancel notification for request id 204
2024.06.19 22:57:46 WARN  Could not load snapshot text for C:\Users\lao8n\OneDrive\Documents\languages\objects\product_types\CaseClass.scala
2024.06.19 22:57:47 WARN  Could not load snapshot text for C:\Users\lao8n\OneDrive\Documents\languages\objects\product_types\CaseClass.scala
2024.06.19 22:57:49 WARN  Could not load snapshot text for C:\Users\lao8n\OneDrive\Documents\languages\objects\product_types\CaseClass.scala
2024.06.19 22:57:49 WARN  Could not load snapshot text for C:\Users\lao8n\OneDrive\Documents\languages\objects\product_types\CaseClass.scala
2024.06.19 22:57:50 WARN  Could not load snapshot text for C:\Users\lao8n\OneDrive\Documents\languages\objects\product_types\CaseClass.scala
2024.06.19 22:57:59 WARN  Could not load snapshot text for C:\Users\lao8n\OneDrive\Documents\languages\objects\product_types\CaseClass.scala
2024.06.19 22:58:00 WARN  Could not load snapshot text for C:\Users\lao8n\OneDrive\Documents\languages\objects\product_types\CaseClass.scala
2024.06.19 22:58:02 WARN  Could not load snapshot text for C:\Users\lao8n\OneDrive\Documents\languages\objects\product_types\CaseClass.scala
2024.06.19 22:58:03 WARN  Could not load snapshot text for C:\Users\lao8n\OneDrive\Documents\languages\objects\product_types\CaseClass.scala
2024.06.19 22:58:05 WARN  Could not load snapshot text for C:\Users\lao8n\OneDrive\Documents\languages\objects\product_types\CaseClass.scala
2024.06.19 22:58:07 WARN  Could not load snapshot text for C:\Users\lao8n\OneDrive\Documents\languages\objects\product_types\CaseClass.scala
2024.06.19 22:59:13 WARN  Could not load snapshot text for C:\Users\lao8n\OneDrive\Documents\languages\objects\product_types\CaseClass.scala
2024.06.19 22:59:14 INFO  compiling project_bd2c96d2de (1 scala source)
2024.06.19 22:59:16 INFO  time: compiled project_bd2c96d2de in 1.66s
Jun 19, 2024 10:59:27 PM org.eclipse.lsp4j.jsonrpc.RemoteEndpoint handleCancellation
WARNING: Unmatched cancel notification for request id 318
2024.06.19 23:00:05 INFO  compiling project_bd2c96d2de (1 scala source)
2024.06.19 23:00:05 INFO  time: compiled project_bd2c96d2de in 0.97s
Jun 19, 2024 11:00:21 PM org.eclipse.lsp4j.jsonrpc.RemoteEndpoint handleCancellation
WARNING: Unmatched cancel notification for request id 543
2024.06.19 23:00:21 INFO  compiling project_bd2c96d2de (1 scala source)
2024.06.19 23:00:21 INFO  time: compiled project_bd2c96d2de in 0.57s
Jun 19, 2024 11:01:04 PM org.eclipse.lsp4j.jsonrpc.RemoteEndpoint handleCancellation
WARNING: Unmatched cancel notification for request id 557
2024.06.19 23:03:17 INFO  compiling project_bd2c96d2de (1 scala source)
2024.06.19 23:03:18 INFO  time: compiled project_bd2c96d2de in 1.03s
Jun 19, 2024 11:03:41 PM org.eclipse.lsp4j.jsonrpc.RemoteEndpoint handleCancellation
WARNING: Unmatched cancel notification for request id 665
Jun 19, 2024 11:04:16 PM scala.meta.internal.mtags.SymbolIndexBucket addMtagsSourceFile
WARNING: Error indexing C:\Users\lao8n\OneDrive\Documents\languages\objects\product_types\case_class.scala
java.nio.file.NoSuchFileException: C:\Users\lao8n\OneDrive\Documents\languages\objects\product_types\case_class.scala
	at java.base/sun.nio.fs.WindowsException.translateToIOException(WindowsException.java:85)
	at java.base/sun.nio.fs.WindowsException.rethrowAsIOException(WindowsException.java:103)
	at java.base/sun.nio.fs.WindowsException.rethrowAsIOException(WindowsException.java:108)
	at java.base/sun.nio.fs.WindowsFileSystemProvider.newByteChannel(WindowsFileSystemProvider.java:236)
	at java.base/java.nio.file.Files.newByteChannel(Files.java:380)
	at java.base/java.nio.file.Files.newByteChannel(Files.java:432)
	at java.base/java.nio.file.Files.readAllBytes(Files.java:3288)
	at scala.meta.internal.io.PlatformFileIO$.slurp(PlatformFileIO.scala:43)
	at scala.meta.internal.io.FileIO$.slurp(FileIO.scala:21)
	at scala.meta.internal.mtags.ScalametaCommonEnrichments$XtensionAbsolutePath.toInput(ScalametaCommonEnrichments.scala:410)
	at scala.meta.internal.mtags.Mtags.index(Mtags.scala:96)
	at scala.meta.internal.mtags.Mtags.allSymbols(Mtags.scala:21)
	at scala.meta.internal.mtags.SymbolIndexBucket.allSymbols(SymbolIndexBucket.scala:279)
	at scala.meta.internal.mtags.SymbolIndexBucket.addMtagsSourceFile(SymbolIndexBucket.scala:290)
	at scala.meta.internal.mtags.SymbolIndexBucket.$anonfun$query0$1(SymbolIndexBucket.scala:205)
	at scala.meta.internal.mtags.SymbolIndexBucket.$anonfun$query0$1$adapted(SymbolIndexBucket.scala:205)
	at scala.collection.immutable.Set$Set2.foreach(Set.scala:210)
	at scala.meta.internal.mtags.SymbolIndexBucket.query0(SymbolIndexBucket.scala:205)
	at scala.meta.internal.mtags.SymbolIndexBucket.query(SymbolIndexBucket.scala:178)
	at scala.meta.internal.mtags.OnDemandSymbolIndex.$anonfun$findSymbolDefinition$1(OnDemandSymbolIndex.scala:159)
	at scala.collection.immutable.List.flatMap(List.scala:294)
	at scala.meta.internal.mtags.OnDemandSymbolIndex.findSymbolDefinition(OnDemandSymbolIndex.scala:159)
	at scala.meta.internal.mtags.OnDemandSymbolIndex.definition(OnDemandSymbolIndex.scala:48)
	at scala.meta.internal.metals.Docstrings.indexSymbol(Docstrings.scala:129)
	at scala.meta.internal.metals.Docstrings.documentation(Docstrings.scala:49)
	at scala.meta.internal.metals.MetalsSymbolSearch.documentation(MetalsSymbolSearch.scala:51)
	at scala.meta.internal.mtags.MtagsEnrichments$.symbolDocumentation(MtagsEnrichments.scala:260)
	at scala.meta.internal.pc.HoverProvider$.$anonfun$7(HoverProvider.scala:137)
	at scala.collection.immutable.List.flatMap(List.scala:293)
	at scala.meta.internal.pc.HoverProvider$.hover(HoverProvider.scala:137)
	at scala.meta.internal.pc.ScalaPresentationCompiler.hover$$anonfun$1(ScalaPresentationCompiler.scala:380)
	at scala.meta.internal.pc.CompilerAccess.withSharedCompiler(CompilerAccess.scala:156)
	at scala.meta.internal.pc.CompilerAccess.withNonInterruptableCompiler$$anonfun$1(CompilerAccess.scala:142)
	at scala.meta.internal.pc.CompilerAccess.onCompilerJobQueue$$anonfun$1(CompilerAccess.scala:245)
	at scala.meta.internal.pc.CompilerJobQueue$Job.run(CompilerJobQueue.scala:152)
	at java.base/java.util.concurrent.ThreadPoolExecutor.runWorker(ThreadPoolExecutor.java:1136)
	at java.base/java.util.concurrent.ThreadPoolExecutor$Worker.run(ThreadPoolExecutor.java:635)
	at java.base/java.lang.Thread.run(Thread.java:833)

Jun 19, 2024 11:04:16 PM scala.meta.internal.mtags.SymbolIndexBucket addMtagsSourceFile
WARNING: Error indexing C:\Users\lao8n\OneDrive\Documents\languages\objects\product_types\case_class.scala
java.nio.file.NoSuchFileException: C:\Users\lao8n\OneDrive\Documents\languages\objects\product_types\case_class.scala
	at java.base/sun.nio.fs.WindowsException.translateToIOException(WindowsException.java:85)
	at java.base/sun.nio.fs.WindowsException.rethrowAsIOException(WindowsException.java:103)
	at java.base/sun.nio.fs.WindowsException.rethrowAsIOException(WindowsException.java:108)
	at java.base/sun.nio.fs.WindowsFileSystemProvider.newByteChannel(WindowsFileSystemProvider.java:236)
	at java.base/java.nio.file.Files.newByteChannel(Files.java:380)
	at java.base/java.nio.file.Files.newByteChannel(Files.java:432)
	at java.base/java.nio.file.Files.readAllBytes(Files.java:3288)
	at scala.meta.internal.io.PlatformFileIO$.slurp(PlatformFileIO.scala:43)
	at scala.meta.internal.io.FileIO$.slurp(FileIO.scala:21)
	at scala.meta.internal.mtags.ScalametaCommonEnrichments$XtensionAbsolutePath.toInput(ScalametaCommonEnrichments.scala:410)
	at scala.meta.internal.mtags.Mtags.index(Mtags.scala:96)
	at scala.meta.internal.mtags.Mtags.allSymbols(Mtags.scala:21)
	at scala.meta.internal.mtags.SymbolIndexBucket.allSymbols(SymbolIndexBucket.scala:279)
	at scala.meta.internal.mtags.SymbolIndexBucket.addMtagsSourceFile(SymbolIndexBucket.scala:290)
	at scala.meta.internal.mtags.SymbolIndexBucket.addMtagsSourceFile(SymbolIndexBucket.scala:301)
	at scala.meta.internal.mtags.SymbolIndexBucket.$anonfun$query0$1(SymbolIndexBucket.scala:205)
	at scala.meta.internal.mtags.SymbolIndexBucket.$anonfun$query0$1$adapted(SymbolIndexBucket.scala:205)
	at scala.collection.immutable.Set$Set2.foreach(Set.scala:210)
	at scala.meta.internal.mtags.SymbolIndexBucket.query0(SymbolIndexBucket.scala:205)
	at scala.meta.internal.mtags.SymbolIndexBucket.query(SymbolIndexBucket.scala:178)
	at scala.meta.internal.mtags.OnDemandSymbolIndex.$anonfun$findSymbolDefinition$1(OnDemandSymbolIndex.scala:159)
	at scala.collection.immutable.List.flatMap(List.scala:294)
	at scala.meta.internal.mtags.OnDemandSymbolIndex.findSymbolDefinition(OnDemandSymbolIndex.scala:159)
	at scala.meta.internal.mtags.OnDemandSymbolIndex.definition(OnDemandSymbolIndex.scala:48)
	at scala.meta.internal.metals.Docstrings.indexSymbol(Docstrings.scala:129)
	at scala.meta.internal.metals.Docstrings.documentation(Docstrings.scala:49)
	at scala.meta.internal.metals.MetalsSymbolSearch.documentation(MetalsSymbolSearch.scala:51)
	at scala.meta.internal.mtags.MtagsEnrichments$.symbolDocumentation(MtagsEnrichments.scala:260)
	at scala.meta.internal.pc.HoverProvider$.$anonfun$7(HoverProvider.scala:137)
	at scala.collection.immutable.List.flatMap(List.scala:293)
	at scala.meta.internal.pc.HoverProvider$.hover(HoverProvider.scala:137)
	at scala.meta.internal.pc.ScalaPresentationCompiler.hover$$anonfun$1(ScalaPresentationCompiler.scala:380)
	at scala.meta.internal.pc.CompilerAccess.withSharedCompiler(CompilerAccess.scala:156)
	at scala.meta.internal.pc.CompilerAccess.withNonInterruptableCompiler$$anonfun$1(CompilerAccess.scala:142)
	at scala.meta.internal.pc.CompilerAccess.onCompilerJobQueue$$anonfun$1(CompilerAccess.scala:245)
	at scala.meta.internal.pc.CompilerJobQueue$Job.run(CompilerJobQueue.scala:152)
	at java.base/java.util.concurrent.ThreadPoolExecutor.runWorker(ThreadPoolExecutor.java:1136)
	at java.base/java.util.concurrent.ThreadPoolExecutor$Worker.run(ThreadPoolExecutor.java:635)
	at java.base/java.lang.Thread.run(Thread.java:833)

2024.06.19 23:04:30 INFO  compiling project_bd2c96d2de (1 scala source)
2024.06.19 23:04:30 INFO  time: compiled project_bd2c96d2de in 0.94s
Jun 19, 2024 11:06:54 PM org.eclipse.lsp4j.jsonrpc.RemoteEndpoint handleCancellation
WARNING: Unmatched cancel notification for request id 796
Jun 19, 2024 11:06:54 PM org.eclipse.lsp4j.jsonrpc.RemoteEndpoint handleCancellation
WARNING: Unmatched cancel notification for request id 795
2024.06.19 23:07:30 INFO  compiling project_bd2c96d2de (1 scala source)
2024.06.19 23:07:30 INFO  time: compiled project_bd2c96d2de in 0.73s
2024.06.19 23:07:43 INFO  compiling project_bd2c96d2de (1 scala source)
2024.06.19 23:07:43 INFO  time: compiled project_bd2c96d2de in 0.7s
2024.06.19 23:08:17 INFO  compiling project_bd2c96d2de (1 scala source)
2024.06.19 23:08:17 INFO  time: compiled project_bd2c96d2de in 0.64s
2024.06.19 23:08:18 WARN  Could not load snapshot text for C:\Users\lao8n\OneDrive\Documents\languages\objects\product_types\CaseClass.scala
2024.06.19 23:08:19 INFO  compiling project_bd2c96d2de (1 scala source)
2024.06.19 23:08:19 INFO  time: compiled project_bd2c96d2de in 0.58s
Jun 19, 2024 11:10:25 PM org.eclipse.lsp4j.jsonrpc.RemoteEndpoint handleCancellation
WARNING: Unmatched cancel notification for request id 1181
2024.06.19 23:10:38 INFO  compiling project_bd2c96d2de (1 scala source)
2024.06.19 23:10:38 INFO  time: compiled project_bd2c96d2de in 0.62s
Jun 19, 2024 11:11:04 PM org.eclipse.lsp4j.jsonrpc.RemoteEndpoint handleCancellation
WARNING: Unmatched cancel notification for request id 1222
